Loading climacommon/2025_05_15
  Loading requirement: climaauth/2025_05_15 openmpi/4.1.5-mpitrampoline
    julia/1.11.5 cuda/julia-pref
┌ Warning: CUDA runtime library `libcublasLt.so.13` was loaded from a system path, `/usr/local/cuda/lib64/libcublasLt.so.13`.
│ This may cause errors.
│ 
│ If you're running under a profiler, this situation is expected. Otherwise,
│ ensure that your library path environment variable (e.g., `PATH` on Windows
│ or `LD_LIBRARY_PATH` on Linux) does not include CUDA library paths.
│ 
│ In any other case, please file an issue.
└ @ CUDA ~/.julia/packages/CUDA/TPbi4/src/initialization.jl:218
┌ Warning: CUDA runtime library `libnvJitLink.so.13` was loaded from a system path, `/usr/local/cuda/lib64/libnvJitLink.so.13`.
│ This may cause errors.
│ 
│ If you're running under a profiler, this situation is expected. Otherwise,
│ ensure that your library path environment variable (e.g., `PATH` on Windows
│ or `LD_LIBRARY_PATH` on Linux) does not include CUDA library paths.
│ 
│ In any other case, please file an issue.
└ @ CUDA ~/.julia/packages/CUDA/TPbi4/src/initialization.jl:218
┌ Warning: CUDA runtime library `libcusparse.so.12` was loaded from a system path, `/usr/local/cuda/lib64/libcusparse.so.12`.
│ This may cause errors.
│ 
│ If you're running under a profiler, this situation is expected. Otherwise,
│ ensure that your library path environment variable (e.g., `PATH` on Windows
│ or `LD_LIBRARY_PATH` on Linux) does not include CUDA library paths.
│ 
│ In any other case, please file an issue.
└ @ CUDA ~/.julia/packages/CUDA/TPbi4/src/initialization.jl:218
Status `~/calkit/clima-horizontal-diffusion/ClimaAtmos.jl/.buildkite/Project.toml`
  [c7e460c6] ArgParse v1.2.0
  [a14bc488] ArtifactWrappers v0.2.0
  [6e4b80f9] BenchmarkTools v1.6.3
⌃ [052768ef] CUDA v5.8.5
  [13f3f980] CairoMakie v0.15.8
  [29b5916a] ClimaAnalysis v0.5.20
  [b2c96348] ClimaAtmos v0.32.0 `..`
  [3a4d1b5c] ClimaComms v0.6.10
⌃ [d414da3d] ClimaCore v0.14.43
  [c2caaa1d] ClimaCoreSpectra v0.1.4
  [d934ef94] ClimaCoreTempestRemap v0.3.18
⌅ [1ecacbb8] ClimaDiagnostics v0.2.15
  [e0c89595] ClimaReproducibilityTests v0.1.1
  [595c0a79] ClimaTimeSteppers v0.8.5
  [b3f4f4ca] ClimaUtilities v0.1.27
⌃ [2b5f629d] DiffEqBase v6.183.2
  [f67ccb44] HDF5 v0.17.2
⌅ [a98d9a8b] Interpolations v0.15.1
  [8197267c] IntervalSets v0.7.13
⌅ [c3a54625] JET v0.9.20
  [033835bb] JLD2 v0.6.3
  [682c06a0] JSON v1.3.0
  [ba0b0d4f] Krylov v0.10.3
  [da04e1cc] MPI v0.20.23
⌃ [85f8d34a] NCDatasets v0.14.8
  [0d71be07] NullBroadcasts v0.1.0
  [bac558e1] OrderedCollections v1.8.1
  [76d61242] PrecompileCI v0.1.0 `PrecompileCI`
⌅ [08abe8d2] PrettyTables v2.4.0
  [efd6af41] ProfileCanvas v0.1.7
⌃ [295af30f] Revise v3.7.5
⌅ [0bca4576] SciMLBase v2.112.0
⌅ [aa65fe97] SnoopCompile v3.1.4
⌅ [e2b509da] SnoopCompileCore v3.0.0
  [10745b16] Statistics v1.11.1
  [2913bbd2] StatsBase v0.34.9
  [ddb6d928] YAML v0.4.16
  [9c32591e] Poppler_jll v24.6.0+0
  [9abbd945] Profile v1.11.0
  [9a3f8284] Random v1.11.0
  [8dfed614] Test v1.11.0
Info Packages marked with ⌃ and ⌅ have new versions available. Those with ⌃ may be upgradable, but those with ⌅ are restricted by compatibility constraints from upgrading. To see why use `status --outdated`
┌ Warning: CUDA runtime library `libcublasLt.so.13` was loaded from a system path, `/usr/local/cuda/lib64/libcublasLt.so.13`.
│ This may cause errors.
│ 
│ If you're running under a profiler, this situation is expected. Otherwise,
│ ensure that your library path environment variable (e.g., `PATH` on Windows
│ or `LD_LIBRARY_PATH` on Linux) does not include CUDA library paths.
│ 
│ In any other case, please file an issue.
└ @ CUDA ~/.julia/packages/CUDA/TPbi4/src/initialization.jl:218
┌ Warning: CUDA runtime library `libnvJitLink.so.13` was loaded from a system path, `/usr/local/cuda/lib64/libnvJitLink.so.13`.
│ This may cause errors.
│ 
│ If you're running under a profiler, this situation is expected. Otherwise,
│ ensure that your library path environment variable (e.g., `PATH` on Windows
│ or `LD_LIBRARY_PATH` on Linux) does not include CUDA library paths.
│ 
│ In any other case, please file an issue.
└ @ CUDA ~/.julia/packages/CUDA/TPbi4/src/initialization.jl:218
┌ Warning: CUDA runtime library `libcusparse.so.12` was loaded from a system path, `/usr/local/cuda/lib64/libcusparse.so.12`.
│ This may cause errors.
│ 
│ If you're running under a profiler, this situation is expected. Otherwise,
│ ensure that your library path environment variable (e.g., `PATH` on Windows
│ or `LD_LIBRARY_PATH` on Linux) does not include CUDA library paths.
│ 
│ In any other case, please file an issue.
└ @ CUDA ~/.julia/packages/CUDA/TPbi4/src/initialization.jl:218
[ Info: Active project: /home/pbachant/calkit/clima-horizontal-diffusion/ClimaAtmos.jl/.buildkite
┌ Warning: Failed to convert `config_dict["vert_diff"] = false` to default type String, keeping original value
└ @ ClimaAtmos ~/calkit/clima-horizontal-diffusion/ClimaAtmos.jl/src/solver/yaml_helper.jl:78
┌ Info: Making AtmosConfig with config files: 
│    /home/pbachant/calkit/clima-horizontal-diffusion/ClimaAtmos.jl/src/solver/../../config/default_configs/default_config.yml
│    config/base.yml
└    config/smag.yml
[ Info: Running on CUDADevice
[ Info: Setting up single-process ClimaAtmos run
┌ Info: Time info:
│   dt = "30secs"
│   t_start = "0secs"
│   t_end = "3days"
└   floor_n_steps = 8640
┌ Info: numerics 
│        `energy_q_tot_upwinding`::`Val{:vanleer_limiter}`
│              `tracer_upwinding`::`Val{:first_order}`
│     `edmfx_mse_q_tot_upwinding`::`Val{:first_order}`
│       `edmfx_sgsflux_upwinding`::`Val{:none}`
│        `edmfx_tracer_upwinding`::`Val{:first_order}`
│       `test_dycore_consistency`::`Nothing`
│          `reproducible_restart`::`Nothing`
│                       `limiter`::`Nothing`
│                     `diff_mode`::`ClimaAtmos.Explicit`
└                     `hyperdiff`::`ClimaAtmos.ClimaHyperdiffusion{Float32}`
┌ Info: AtmosModel: 
│ 
│                             `water`::`ClimaAtmos.AtmosWater{ClimaAtmos.NonEquilMoistModel, ClimaAtmos.Microphysics1Moment, ClimaAtmos.GridScaleCloud, ClimaAtmos.Explicit, Nothing}`
│                         `scm_setup`::`ClimaAtmos.SCMSetup{Nothing, Nothing, Nothing, Bool, Nothing}`
│                         `radiation`::`ClimaAtmos.AtmosRadiation{Nothing, ClimaAtmos.IdealizedOzone, Nothing, ClimaAtmos.IdealizedInsolation}`
│                          `turbconv`::`ClimaAtmos.AtmosTurbconv{ClimaAtmos.EDMFXModel{ClimaAtmos.PiGroupsEntrainment, ClimaAtmos.BuoyancyVelocityDetrainment, Val{true}, Val{true}, Val{true}, Val{false}, Val{false}, ClimaAtmos.SmoothMinimumBlending}, Nothing, ClimaAtmos.Explicit, ClimaAtmos.Explicit, ClimaAtmos.Explicit, ClimaAtmos.Explicit, ClimaAtmos.Explicit, ClimaAtmos.SmagorinskyLilly{:UV}, Nothing, Nothing}`
│                   `prescribed_flow`::`Nothing`
│                      `gravity_wave`::`ClimaAtmos.AtmosGravityWave{Nothing, Nothing}`
│                `vertical_diffusion`::`Nothing`
│                            `sponge`::`ClimaAtmos.AtmosSponge{Nothing, ClimaAtmos.RayleighSponge{Float32}}`
│                           `surface`::`ClimaAtmos.AtmosSurface{ClimaAtmos.ZonallySymmetricSST, ClimaAtmos.SlabOceanSST{Int64}, ClimaAtmos.ConstantAlbedo{Float32}}`
└                          `numerics`::`ClimaAtmos.AtmosNumerics{Val{:vanleer_limiter}, Val{:first_order}, Val{:first_order}, Val{:none}, Val{:first_order}, Nothing, Nothing, Nothing, ClimaAtmos.Explicit, ClimaAtmos.ClimaHyperdiffusion{Float32}}`
[ Info: Using Hughes2023Topography orography
[ Info: SLEVE mesh warp (eta=0.7, s=10.0)
┌ Info: Simulation info
│   job_id = "baseline_smag"
└   output_dir = "output/baseline_smag/output_0001"
┌ Info: Simulation Grid: ExtrudedFiniteDifferenceGrid:
│   horizontal:
│     context: SingletonCommsContext using CUDADevice
│     mesh: 16×16×6-element EquiangularCubedSphere of SphereDomain: radius = 6.371e6
│     quadrature: 4-point Gauss-Legendre-Lobatto quadrature
│   vertical:
└     mesh: 43-element IntervalMesh of IntervalDomain: z ∈ [0.0,30000.0] (:bottom, :top)
[ Info: Allocating Y: 12.564 s (17855757 allocations: 838.46 MiB)
[ Info: using deep atmosphere
[ Info: Allocating cache (p): 93.732 s (220796000 allocations: 10.85 GiB)
[ Info: Using ODE config: `ClimaTimeSteppers.ARS343`
[ Info: ode_configuration: 780.704 ms (1383752 allocations: 68.56 MiB)
[ Info: Progress logging enabled
[ Info: Checking NaNs in the state every 1024 steps
[ Info: get_callbacks: 294.243 ms (402317 allocations: 20.55 MiB)
[ Info: Saving accumulated diagnostics to disk with frequency: 
[ Info: DictWriter: String[]
[ Info: HDF5Writer: String[]
[ Info: NetCDFWriter: ["rhoa_60d_inst", "ua_60d_inst", "va_60d_inst", "wa_60d_inst", "ta_60d_inst", "hus_60d_inst", "clw_60d_inst", "cli_60d_inst", "hussn_60d_inst", "husra_60d_inst"]
[ Info: initializing diagnostics: 7.151 s (14948638 allocations: 1.51 GiB)
[ Info: Prepared SciMLBase.CallbackSet callbacks: 10.061 ms (561 allocations: 27.34 KiB)
[ Info: n_steps_per_cycle_per_cb (non diagnostics): [1024, 1, 360]
[ Info: n_steps_per_cycle (non diagnostics): 46080
┌ Info: Jacobian algorithm: ManualSparseJacobian(
│   topography_flag = ClimaAtmos.UseDerivative(),
│   diffusion_flag = ClimaAtmos.IgnoreDerivative(),
│   sgs_advection_flag = ClimaAtmos.IgnoreDerivative(),
│   sgs_entr_detr_flag = ClimaAtmos.IgnoreDerivative(),
│   sgs_mass_flux_flag = ClimaAtmos.IgnoreDerivative(),
│   sgs_nh_pressure_flag = ClimaAtmos.IgnoreDerivative(),
│   sgs_vertdiff_flag = ClimaAtmos.IgnoreDerivative(),
│   approximate_solve_iters = 2,
└ )
[ Info: Define ode function: 1.589 s (1839774 allocations: 78.34 MiB)
[ Info: init integrator: 15.836 s (18453760 allocations: 952.2 MiB)
[ Info: Added diagnostics: 123.602 s (28798842 allocations: 12.64 GiB)
┌ Info: Progress
│   simulation_time = "30 seconds, 1 microsecond"
│   n_steps_completed = 1
│   wall_time_per_step = "0 seconds"
│   wall_time_total = "0 seconds"
│   wall_time_remaining = "0 seconds"
│   wall_time_spent = "0 seconds"
│   percent_complete = "0.0%"
│   estimated_sypd = "Inf"
│   date_now = 2025-12-18T14:06:11.341
└   estimated_finish_date = 2025-12-18T14:06:11.341
┌ Info: Progress
│   simulation_time = "1 minute, 2 microseconds"
│   n_steps_completed = 2
│   wall_time_per_step = "15 seconds, 512 milliseconds"
│   wall_time_total = "1 day, 13 hours"
│   wall_time_remaining = "1 day, 13 hours"
│   wall_time_spent = "31 seconds, 24 milliseconds"
│   percent_complete = "0.0%"
│   estimated_sypd = "0.005 (sdpd_estimate = 1.934)"
│   date_now = 2025-12-18T14:06:26.881
└   estimated_finish_date = 2025-12-20T03:19:41.881
┌ Info: Progress
│   simulation_time = "2 minutes, 4 microseconds"
│   n_steps_completed = 4
│   wall_time_per_step = "7 seconds, 845 milliseconds"
│   wall_time_total = "18 hours, 49 minutes"
│   wall_time_remaining = "18 hours, 49 minutes"
│   wall_time_spent = "31 seconds, 381 milliseconds"
│   percent_complete = "0.0%"
│   estimated_sypd = "0.01"
│   date_now = 2025-12-18T14:06:27.048
└   estimated_finish_date = 2025-12-19T08:55:41.048
┌ Info: Progress
│   simulation_time = "4 minutes, 8 microseconds"
│   n_steps_completed = 8
│   wall_time_per_step = "3 seconds, 964 milliseconds"
│   wall_time_total = "9 hours, 30 minutes"
│   wall_time_remaining = "9 hours, 30 minutes"
│   wall_time_spent = "31 seconds, 715 milliseconds"
│   percent_complete = "0.1%"
│   estimated_sypd = "0.021"
│   date_now = 2025-12-18T14:06:27.381
└   estimated_finish_date = 2025-12-18T23:36:48.381
┌ Info: Progress
│   simulation_time = "8 minutes, 16 microseconds"
│   n_steps_completed = 16
│   wall_time_per_step = "2 seconds, 23 milliseconds"
│   wall_time_total = "4 hours, 51 minutes"
│   wall_time_remaining = "4 hours, 50 minutes"
│   wall_time_spent = "32 seconds, 375 milliseconds"
│   percent_complete = "0.2%"
│   estimated_sypd = "0.041"
│   date_now = 2025-12-18T14:06:28.041
└   estimated_finish_date = 2025-12-18T18:57:19.041
┌ Info: Progress
│   simulation_time = "16 minutes, 32 microseconds"
│   n_steps_completed = 32
│   wall_time_per_step = "1 second, 53 milliseconds"
│   wall_time_total = "2 hours, 31 minutes"
│   wall_time_remaining = "2 hours, 31 minutes"
│   wall_time_spent = "33 seconds, 701 milliseconds"
│   percent_complete = "0.4%"
│   estimated_sypd = "0.078"
│   date_now = 2025-12-18T14:06:29.368
└   estimated_finish_date = 2025-12-18T16:37:35.367
┌ Info: Progress
│   simulation_time = "32 minutes, 65 microseconds"
│   n_steps_completed = 64
│   wall_time_per_step = "568 milliseconds, 114 microseconds"
│   wall_time_total = "1 hour, 21 minutes"
│   wall_time_remaining = "1 hour, 21 minutes"
│   wall_time_spent = "36 seconds, 359 milliseconds"
│   percent_complete = "0.7%"
│   estimated_sypd = "0.145"
│   date_now = 2025-12-18T14:06:32.025
└   estimated_finish_date = 2025-12-18T15:27:45.025
┌ Info: Progress
│   simulation_time = "1 hour, 4 minutes"
│   n_steps_completed = 128
│   wall_time_per_step = "327 milliseconds, 32 microseconds"
│   wall_time_total = "47 minutes, 5 seconds"
│   wall_time_remaining = "46 minutes, 23 seconds"
│   wall_time_spent = "41 seconds, 860 milliseconds"
│   percent_complete = "1.5%"
│   estimated_sypd = "0.251"
│   date_now = 2025-12-18T14:06:37.526
└   estimated_finish_date = 2025-12-18T14:53:01.526
┌ Info: Progress
│   simulation_time = "2 hours, 8 minutes"
│   n_steps_completed = 256
│   wall_time_per_step = "205 milliseconds, 194 microseconds"
│   wall_time_total = "29 minutes, 32 seconds"
│   wall_time_remaining = "28 minutes, 40 seconds"
│   wall_time_spent = "52 seconds, 529 milliseconds"
│   percent_complete = "3.0%"
│   estimated_sypd = "0.4"
│   date_now = 2025-12-18T14:06:48.196
└   estimated_finish_date = 2025-12-18T14:35:29.196
┌ Info: Progress
│   simulation_time = "4 hours, 16 minutes"
│   n_steps_completed = 512
│   wall_time_per_step = "145 milliseconds, 41 microseconds"
│   wall_time_total = "20 minutes, 53 seconds"
│   wall_time_remaining = "19 minutes, 38 seconds"
│   wall_time_spent = "1 minute, 14 seconds"
│   percent_complete = "5.9%"
│   estimated_sypd = "0.566"
│   date_now = 2025-12-18T14:07:09.927
└   estimated_finish_date = 2025-12-18T14:26:48.927
┌ Info: Progress
│   simulation_time = "7 hours, 52 minutes"
│   n_steps_completed = 945
│   wall_time_per_step = "117 milliseconds, 282 microseconds"
│   wall_time_total = "16 minutes, 53 seconds"
│   wall_time_remaining = "15 minutes, 2 seconds"
│   wall_time_spent = "1 minute, 50 seconds"
│   percent_complete = "10.9%"
│   estimated_sypd = "0.7"
│   date_now = 2025-12-18T14:07:46.498
└   estimated_finish_date = 2025-12-18T14:22:49.498
┌ Info: Progress
│   simulation_time = "8 hours, 32 minutes"
│   n_steps_completed = 1024
│   wall_time_per_step = "114 milliseconds, 879 microseconds"
│   wall_time_total = "16 minutes, 32 seconds"
│   wall_time_remaining = "14 minutes, 34 seconds"
│   wall_time_spent = "1 minute, 57 seconds"
│   percent_complete = "11.9%"
│   estimated_sypd = "0.715"
│   date_now = 2025-12-18T14:07:53.303
└   estimated_finish_date = 2025-12-18T14:22:28.303
┌ Info: Progress
│   simulation_time = "12 hours, 8 minutes"
│   n_steps_completed = 1457
│   wall_time_per_step = "105 milliseconds, 903 microseconds"
│   wall_time_total = "15 minutes, 15 seconds"
│   wall_time_remaining = "12 minutes, 40 seconds"
│   wall_time_spent = "2 minutes, 34 seconds"
│   percent_complete = "16.9%"
│   estimated_sypd = "0.776"
│   date_now = 2025-12-18T14:08:29.967
└   estimated_finish_date = 2025-12-18T14:21:10.967
┌ Info: Progress
│   simulation_time = "15 hours, 44 minutes"
│   n_steps_completed = 1890
│   wall_time_per_step = "106 milliseconds, 939 microseconds"
│   wall_time_total = "15 minutes, 23 seconds"
│   wall_time_remaining = "12 minutes, 1 second"
│   wall_time_spent = "3 minutes, 22 seconds"
│   percent_complete = "21.9%"
│   estimated_sypd = "0.768"
│   date_now = 2025-12-18T14:09:17.782
└   estimated_finish_date = 2025-12-18T14:21:19.782
┌ Info: Progress
│   simulation_time = "17 hours, 4 minutes"
│   n_steps_completed = 2048
│   wall_time_per_step = "105 milliseconds, 931 microseconds"
│   wall_time_total = "15 minutes, 15 seconds"
│   wall_time_remaining = "11 minutes, 38 seconds"
│   wall_time_spent = "3 minutes, 36 seconds"
│   percent_complete = "23.7%"
│   estimated_sypd = "0.775"
│   date_now = 2025-12-18T14:09:32.613
└   estimated_finish_date = 2025-12-18T14:21:11.613
ERROR: LoadError: Found NaN
Stacktrace:
  [1] error(s::String)
    @ Base ./error.jl:35
  [2] check_nans
    @ ~/calkit/clima-horizontal-diffusion/ClimaAtmos.jl/src/callbacks/callbacks.jl:332 [inlined]
  [3] #519
    @ ~/calkit/clima-horizontal-diffusion/ClimaAtmos.jl/src/callbacks/get_callbacks.jl:254 [inlined]
  [4] AtmosCallback
    @ ~/calkit/clima-horizontal-diffusion/ClimaAtmos.jl/src/solver/types.jl:1182 [inlined]
  [5] unrolled_foreach
    @ ~/.julia/packages/ClimaTimeSteppers/o2zml/src/integrators.jl:224 [inlined]
  [6] unrolled_foreach
    @ ~/.julia/packages/ClimaTimeSteppers/o2zml/src/integrators.jl:229 [inlined]
  [7] unrolled_foreach
    @ ~/.julia/packages/ClimaTimeSteppers/o2zml/src/integrators.jl:230 [inlined]
  [8] __step!(integrator::ClimaTimeSteppers.DistributedODEIntegrator{…})
    @ ClimaTimeSteppers ~/.julia/packages/ClimaTimeSteppers/o2zml/src/integrators.jl:255
  [9] step!(integrator::ClimaTimeSteppers.DistributedODEIntegrator{…})
    @ ClimaTimeSteppers ~/.julia/packages/ClimaTimeSteppers/o2zml/src/integrators.jl:200
 [10] macro expansion
    @ ~/calkit/clima-horizontal-diffusion/scripts/run.jl:64 [inlined]
 [11] top-level scope
    @ ~/.julia/packages/CUDA/TPbi4/lib/cudadrv/events.jl:121
in expression starting at /home/pbachant/calkit/clima-horizontal-diffusion/scripts/run.jl:62
