Loading climacommon/2025_05_15
  Loading requirement: climaauth/2025_05_15 openmpi/4.1.5-mpitrampoline
    julia/1.11.5 cuda/julia-pref
┌ Warning: CUDA runtime library `libcublasLt.so.13` was loaded from a system path, `/usr/local/cuda/lib64/libcublasLt.so.13`.
│ This may cause errors.
│ 
│ If you're running under a profiler, this situation is expected. Otherwise,
│ ensure that your library path environment variable (e.g., `PATH` on Windows
│ or `LD_LIBRARY_PATH` on Linux) does not include CUDA library paths.
│ 
│ In any other case, please file an issue.
└ @ CUDA ~/.julia/packages/CUDA/TPbi4/src/initialization.jl:218
┌ Warning: CUDA runtime library `libnvJitLink.so.13` was loaded from a system path, `/usr/local/cuda/lib64/libnvJitLink.so.13`.
│ This may cause errors.
│ 
│ If you're running under a profiler, this situation is expected. Otherwise,
│ ensure that your library path environment variable (e.g., `PATH` on Windows
│ or `LD_LIBRARY_PATH` on Linux) does not include CUDA library paths.
│ 
│ In any other case, please file an issue.
└ @ CUDA ~/.julia/packages/CUDA/TPbi4/src/initialization.jl:218
┌ Warning: CUDA runtime library `libcusparse.so.12` was loaded from a system path, `/usr/local/cuda/lib64/libcusparse.so.12`.
│ This may cause errors.
│ 
│ If you're running under a profiler, this situation is expected. Otherwise,
│ ensure that your library path environment variable (e.g., `PATH` on Windows
│ or `LD_LIBRARY_PATH` on Linux) does not include CUDA library paths.
│ 
│ In any other case, please file an issue.
└ @ CUDA ~/.julia/packages/CUDA/TPbi4/src/initialization.jl:218
Status `~/calkit/clima-horizontal-diffusion/ClimaAtmos.jl/.buildkite/Project.toml`
  [c7e460c6] ArgParse v1.2.0
  [a14bc488] ArtifactWrappers v0.2.0
  [6e4b80f9] BenchmarkTools v1.6.3
⌃ [052768ef] CUDA v5.8.5
  [13f3f980] CairoMakie v0.15.8
  [29b5916a] ClimaAnalysis v0.5.20
  [b2c96348] ClimaAtmos v0.32.0 `..`
  [3a4d1b5c] ClimaComms v0.6.10
⌃ [d414da3d] ClimaCore v0.14.43
  [c2caaa1d] ClimaCoreSpectra v0.1.4
  [d934ef94] ClimaCoreTempestRemap v0.3.18
⌅ [1ecacbb8] ClimaDiagnostics v0.2.15
  [e0c89595] ClimaReproducibilityTests v0.1.1
  [595c0a79] ClimaTimeSteppers v0.8.5
  [b3f4f4ca] ClimaUtilities v0.1.27
⌃ [2b5f629d] DiffEqBase v6.183.2
  [f67ccb44] HDF5 v0.17.2
⌅ [a98d9a8b] Interpolations v0.15.1
  [8197267c] IntervalSets v0.7.13
⌅ [c3a54625] JET v0.9.20
  [033835bb] JLD2 v0.6.3
  [682c06a0] JSON v1.3.0
  [ba0b0d4f] Krylov v0.10.3
  [da04e1cc] MPI v0.20.23
⌃ [85f8d34a] NCDatasets v0.14.8
  [0d71be07] NullBroadcasts v0.1.0
  [bac558e1] OrderedCollections v1.8.1
  [76d61242] PrecompileCI v0.1.0 `PrecompileCI`
⌅ [08abe8d2] PrettyTables v2.4.0
  [efd6af41] ProfileCanvas v0.1.7
⌃ [295af30f] Revise v3.7.5
⌅ [0bca4576] SciMLBase v2.112.0
⌅ [aa65fe97] SnoopCompile v3.1.4
⌅ [e2b509da] SnoopCompileCore v3.0.0
  [10745b16] Statistics v1.11.1
  [2913bbd2] StatsBase v0.34.9
  [ddb6d928] YAML v0.4.16
  [9c32591e] Poppler_jll v24.6.0+0
  [9abbd945] Profile v1.11.0
  [9a3f8284] Random v1.11.0
  [8dfed614] Test v1.11.0
Info Packages marked with ⌃ and ⌅ have new versions available. Those with ⌃ may be upgradable, but those with ⌅ are restricted by compatibility constraints from upgrading. To see why use `status --outdated`
┌ Warning: CUDA runtime library `libcublasLt.so.13` was loaded from a system path, `/usr/local/cuda/lib64/libcublasLt.so.13`.
│ This may cause errors.
│ 
│ If you're running under a profiler, this situation is expected. Otherwise,
│ ensure that your library path environment variable (e.g., `PATH` on Windows
│ or `LD_LIBRARY_PATH` on Linux) does not include CUDA library paths.
│ 
│ In any other case, please file an issue.
└ @ CUDA ~/.julia/packages/CUDA/TPbi4/src/initialization.jl:218
┌ Warning: CUDA runtime library `libnvJitLink.so.13` was loaded from a system path, `/usr/local/cuda/lib64/libnvJitLink.so.13`.
│ This may cause errors.
│ 
│ If you're running under a profiler, this situation is expected. Otherwise,
│ ensure that your library path environment variable (e.g., `PATH` on Windows
│ or `LD_LIBRARY_PATH` on Linux) does not include CUDA library paths.
│ 
│ In any other case, please file an issue.
└ @ CUDA ~/.julia/packages/CUDA/TPbi4/src/initialization.jl:218
┌ Warning: CUDA runtime library `libcusparse.so.12` was loaded from a system path, `/usr/local/cuda/lib64/libcusparse.so.12`.
│ This may cause errors.
│ 
│ If you're running under a profiler, this situation is expected. Otherwise,
│ ensure that your library path environment variable (e.g., `PATH` on Windows
│ or `LD_LIBRARY_PATH` on Linux) does not include CUDA library paths.
│ 
│ In any other case, please file an issue.
└ @ CUDA ~/.julia/packages/CUDA/TPbi4/src/initialization.jl:218
[ Info: Active project: /home/pbachant/calkit/clima-horizontal-diffusion/ClimaAtmos.jl/.buildkite
┌ Warning: Failed to convert `config_dict["vert_diff"] = false` to default type String, keeping original value
└ @ ClimaAtmos ~/calkit/clima-horizontal-diffusion/ClimaAtmos.jl/src/solver/yaml_helper.jl:78
┌ Info: Making AtmosConfig with config files: 
│    /home/pbachant/calkit/clima-horizontal-diffusion/ClimaAtmos.jl/src/solver/../../config/default_configs/default_config.yml
└    config/base.yml
[ Info: Running on CUDADevice
[ Info: Setting up single-process ClimaAtmos run
┌ Info: Time info:
│   dt = "30secs"
│   t_start = "0secs"
│   t_end = "3days"
└   floor_n_steps = 8640
┌ Info: numerics 
│        `energy_q_tot_upwinding`::`Val{:vanleer_limiter}`
│              `tracer_upwinding`::`Val{:first_order}`
│     `edmfx_mse_q_tot_upwinding`::`Val{:first_order}`
│       `edmfx_sgsflux_upwinding`::`Val{:none}`
│        `edmfx_tracer_upwinding`::`Val{:first_order}`
│       `test_dycore_consistency`::`Nothing`
│          `reproducible_restart`::`Nothing`
│                       `limiter`::`Nothing`
│                     `diff_mode`::`ClimaAtmos.Explicit`
└                     `hyperdiff`::`ClimaAtmos.ClimaHyperdiffusion{Float32}`
┌ Info: AtmosModel: 
│ 
│                             `water`::`ClimaAtmos.AtmosWater{ClimaAtmos.NonEquilMoistModel, ClimaAtmos.Microphysics1Moment, ClimaAtmos.GridScaleCloud, ClimaAtmos.Explicit, Nothing}`
│                         `scm_setup`::`ClimaAtmos.SCMSetup{Nothing, Nothing, Nothing, Bool, Nothing}`
│                         `radiation`::`ClimaAtmos.AtmosRadiation{Nothing, ClimaAtmos.IdealizedOzone, Nothing, ClimaAtmos.IdealizedInsolation}`
│                          `turbconv`::`ClimaAtmos.AtmosTurbconv{ClimaAtmos.EDMFXModel{ClimaAtmos.PiGroupsEntrainment, ClimaAtmos.BuoyancyVelocityDetrainment, Val{true}, Val{true}, Val{true}, Val{false}, Val{false}, ClimaAtmos.SmoothMinimumBlending}, Nothing, ClimaAtmos.Explicit, ClimaAtmos.Explicit, ClimaAtmos.Explicit, ClimaAtmos.Explicit, ClimaAtmos.Explicit, Nothing, Nothing, Nothing}`
│                   `prescribed_flow`::`Nothing`
│                      `gravity_wave`::`ClimaAtmos.AtmosGravityWave{Nothing, Nothing}`
│                `vertical_diffusion`::`Nothing`
│                            `sponge`::`ClimaAtmos.AtmosSponge{Nothing, ClimaAtmos.RayleighSponge{Float32}}`
│                           `surface`::`ClimaAtmos.AtmosSurface{ClimaAtmos.ZonallySymmetricSST, ClimaAtmos.SlabOceanSST{Int64}, ClimaAtmos.ConstantAlbedo{Float32}}`
└                          `numerics`::`ClimaAtmos.AtmosNumerics{Val{:vanleer_limiter}, Val{:first_order}, Val{:first_order}, Val{:none}, Val{:first_order}, Nothing, Nothing, Nothing, ClimaAtmos.Explicit, ClimaAtmos.ClimaHyperdiffusion{Float32}}`
[ Info: Using Hughes2023Topography orography
[ Info: SLEVE mesh warp (eta=0.7, s=10.0)
┌ Info: Simulation info
│   job_id = "baseline_none"
└   output_dir = "output/baseline_none/output_0002"
┌ Info: Simulation Grid: ExtrudedFiniteDifferenceGrid:
│   horizontal:
│     context: SingletonCommsContext using CUDADevice
│     mesh: 16×16×6-element EquiangularCubedSphere of SphereDomain: radius = 6.371e6
│     quadrature: 4-point Gauss-Legendre-Lobatto quadrature
│   vertical:
└     mesh: 43-element IntervalMesh of IntervalDomain: z ∈ [0.0,30000.0] (:bottom, :top)
[ Info: Allocating Y: 12.862 s (17834774 allocations: 837.0 MiB)
[ Info: using deep atmosphere
[ Info: Allocating cache (p): 75.237 s (135988433 allocations: 7.06 GiB)
[ Info: Using ODE config: `ClimaTimeSteppers.ARS343`
[ Info: ode_configuration: 838.217 ms (1383749 allocations: 68.54 MiB)
[ Info: Progress logging enabled
[ Info: Checking NaNs in the state every 1024 steps
[ Info: get_callbacks: 299.112 ms (402320 allocations: 20.59 MiB)
[ Info: Saving accumulated diagnostics to disk with frequency: 
[ Info: DictWriter: String[]
[ Info: HDF5Writer: String[]
[ Info: NetCDFWriter: ["rhoa_60d_inst", "ua_60d_inst", "va_60d_inst", "wa_60d_inst", "ta_60d_inst", "hus_60d_inst", "clw_60d_inst", "cli_60d_inst", "hussn_60d_inst", "husra_60d_inst"]
[ Info: initializing diagnostics: 7.02 s (14973598 allocations: 1.51 GiB)
[ Info: Prepared SciMLBase.CallbackSet callbacks: 10.287 ms (561 allocations: 27.34 KiB)
[ Info: n_steps_per_cycle_per_cb (non diagnostics): [1024, 1, 360]
[ Info: n_steps_per_cycle (non diagnostics): 46080
┌ Info: Jacobian algorithm: ManualSparseJacobian(
│   topography_flag = ClimaAtmos.UseDerivative(),
│   diffusion_flag = ClimaAtmos.IgnoreDerivative(),
│   sgs_advection_flag = ClimaAtmos.IgnoreDerivative(),
│   sgs_entr_detr_flag = ClimaAtmos.IgnoreDerivative(),
│   sgs_mass_flux_flag = ClimaAtmos.IgnoreDerivative(),
│   sgs_nh_pressure_flag = ClimaAtmos.IgnoreDerivative(),
│   sgs_vertdiff_flag = ClimaAtmos.IgnoreDerivative(),
│   approximate_solve_iters = 2,
└ )
[ Info: Define ode function: 1.586 s (1839777 allocations: 78.35 MiB)
[ Info: init integrator: 15.3 s (18083738 allocations: 923.03 MiB)
[ Info: Added diagnostics: 118.308 s (28837369 allocations: 12.64 GiB)
┌ Info: Progress
│   simulation_time = "30 seconds, 1 microsecond"
│   n_steps_completed = 1
│   wall_time_per_step = "0 seconds"
│   wall_time_total = "0 seconds"
│   wall_time_remaining = "0 seconds"
│   wall_time_spent = "0 seconds"
│   percent_complete = "0.0%"
│   estimated_sypd = "Inf"
│   date_now = 2025-12-18T18:03:58.816
└   estimated_finish_date = 2025-12-18T18:03:58.816
┌ Info: Progress
│   simulation_time = "1 minute, 2 microseconds"
│   n_steps_completed = 2
│   wall_time_per_step = "15 seconds, 537 milliseconds"
│   wall_time_total = "1 day, 13 hours"
│   wall_time_remaining = "1 day, 13 hours"
│   wall_time_spent = "31 seconds, 74 milliseconds"
│   percent_complete = "0.0%"
│   estimated_sypd = "0.005 (sdpd_estimate = 1.931)"
│   date_now = 2025-12-18T18:04:14.367
└   estimated_finish_date = 2025-12-20T07:21:04.367
┌ Info: Progress
│   simulation_time = "2 minutes, 4 microseconds"
│   n_steps_completed = 4
│   wall_time_per_step = "7 seconds, 853 milliseconds"
│   wall_time_total = "18 hours, 50 minutes"
│   wall_time_remaining = "18 hours, 50 minutes"
│   wall_time_spent = "31 seconds, 415 milliseconds"
│   percent_complete = "0.0%"
│   estimated_sypd = "0.01"
│   date_now = 2025-12-18T18:04:14.528
└   estimated_finish_date = 2025-12-19T12:54:40.528
┌ Info: Progress
│   simulation_time = "4 minutes, 8 microseconds"
│   n_steps_completed = 8
│   wall_time_per_step = "3 seconds, 964 milliseconds"
│   wall_time_total = "9 hours, 30 minutes"
│   wall_time_remaining = "9 hours, 30 minutes"
│   wall_time_spent = "31 seconds, 717 milliseconds"
│   percent_complete = "0.1%"
│   estimated_sypd = "0.021"
│   date_now = 2025-12-18T18:04:14.831
└   estimated_finish_date = 2025-12-19T03:34:38.831
┌ Info: Progress
│   simulation_time = "8 minutes, 16 microseconds"
│   n_steps_completed = 16
│   wall_time_per_step = "2 seconds, 23 milliseconds"
│   wall_time_total = "4 hours, 51 minutes"
│   wall_time_remaining = "4 hours, 50 minutes"
│   wall_time_spent = "32 seconds, 382 milliseconds"
│   percent_complete = "0.2%"
│   estimated_sypd = "0.041"
│   date_now = 2025-12-18T18:04:15.496
└   estimated_finish_date = 2025-12-18T22:55:10.496
┌ Info: Progress
│   simulation_time = "16 minutes, 32 microseconds"
│   n_steps_completed = 32
│   wall_time_per_step = "1 second, 48 milliseconds"
│   wall_time_total = "2 hours, 30 minutes"
│   wall_time_remaining = "2 hours, 30 minutes"
│   wall_time_spent = "33 seconds, 547 milliseconds"
│   percent_complete = "0.4%"
│   estimated_sypd = "0.078"
│   date_now = 2025-12-18T18:04:16.661
└   estimated_finish_date = 2025-12-18T20:34:41.661
┌ Info: Progress
│   simulation_time = "32 minutes, 65 microseconds"
│   n_steps_completed = 64
│   wall_time_per_step = "560 milliseconds, 676 microseconds"
│   wall_time_total = "1 hour, 20 minutes"
│   wall_time_remaining = "1 hour, 20 minutes"
│   wall_time_spent = "35 seconds, 883 milliseconds"
│   percent_complete = "0.7%"
│   estimated_sypd = "0.146"
│   date_now = 2025-12-18T18:04:18.997
└   estimated_finish_date = 2025-12-18T19:24:27.996
┌ Info: Progress
│   simulation_time = "1 hour, 4 minutes"
│   n_steps_completed = 128
│   wall_time_per_step = "316 milliseconds, 885 microseconds"
│   wall_time_total = "45 minutes, 37 seconds"
│   wall_time_remaining = "44 minutes, 57 seconds"
│   wall_time_spent = "40 seconds, 561 milliseconds"
│   percent_complete = "1.5%"
│   estimated_sypd = "0.259"
│   date_now = 2025-12-18T18:04:23.675
└   estimated_finish_date = 2025-12-18T18:49:21.675
┌ Info: Progress
│   simulation_time = "2 hours, 8 minutes"
│   n_steps_completed = 256
│   wall_time_per_step = "195 milliseconds, 338 microseconds"
│   wall_time_total = "28 minutes, 7 seconds"
│   wall_time_remaining = "27 minutes, 17 seconds"
│   wall_time_spent = "50 seconds, 6 milliseconds"
│   percent_complete = "3.0%"
│   estimated_sypd = "0.42"
│   date_now = 2025-12-18T18:04:33.120
└   estimated_finish_date = 2025-12-18T18:31:51.120
┌ Info: Progress
│   simulation_time = "4 hours, 16 minutes"
│   n_steps_completed = 512
│   wall_time_per_step = "134 milliseconds, 605 microseconds"
│   wall_time_total = "19 minutes, 22 seconds"
│   wall_time_remaining = "18 minutes, 14 seconds"
│   wall_time_spent = "1 minute, 8 seconds"
│   percent_complete = "5.9%"
│   estimated_sypd = "0.61"
│   date_now = 2025-12-18T18:04:52.032
└   estimated_finish_date = 2025-12-18T18:23:07.032
┌ Info: Progress
│   simulation_time = "7 hours, 52 minutes"
│   n_steps_completed = 945
│   wall_time_per_step = "106 milliseconds, 674 microseconds"
│   wall_time_total = "15 minutes, 21 seconds"
│   wall_time_remaining = "13 minutes, 40 seconds"
│   wall_time_spent = "1 minute, 40 seconds"
│   percent_complete = "10.9%"
│   estimated_sypd = "0.77"
│   date_now = 2025-12-18T18:05:23.920
└   estimated_finish_date = 2025-12-18T18:19:04.920
┌ Info: Progress
│   simulation_time = "8 hours, 32 minutes"
│   n_steps_completed = 1024
│   wall_time_per_step = "104 milliseconds, 105 microseconds"
│   wall_time_total = "14 minutes, 59 seconds"
│   wall_time_remaining = "13 minutes, 12 seconds"
│   wall_time_spent = "1 minute, 46 seconds"
│   percent_complete = "11.9%"
│   estimated_sypd = "0.789"
│   date_now = 2025-12-18T18:05:29.718
└   estimated_finish_date = 2025-12-18T18:18:42.718
┌ Info: Progress
│   simulation_time = "12 hours, 8 minutes"
│   n_steps_completed = 1457
│   wall_time_per_step = "95 milliseconds, 154 microseconds"
│   wall_time_total = "13 minutes, 42 seconds"
│   wall_time_remaining = "11 minutes, 23 seconds"
│   wall_time_spent = "2 minutes, 18 seconds"
│   percent_complete = "16.9%"
│   estimated_sypd = "0.863"
│   date_now = 2025-12-18T18:06:01.754
└   estimated_finish_date = 2025-12-18T18:17:25.754
┌ Info: Progress
│   simulation_time = "15 hours, 44 minutes"
│   n_steps_completed = 1890
│   wall_time_per_step = "90 milliseconds, 213 microseconds"
│   wall_time_total = "12 minutes, 59 seconds"
│   wall_time_remaining = "10 minutes, 8 seconds"
│   wall_time_spent = "2 minutes, 50 seconds"
│   percent_complete = "21.9%"
│   estimated_sypd = "0.91"
│   date_now = 2025-12-18T18:06:33.618
└   estimated_finish_date = 2025-12-18T18:16:42.618
┌ Info: Progress
│   simulation_time = "17 hours, 4 minutes"
│   n_steps_completed = 2048
│   wall_time_per_step = "88 milliseconds, 956 microseconds"
│   wall_time_total = "12 minutes, 48 seconds"
│   wall_time_remaining = "9 minutes, 46 seconds"
│   wall_time_spent = "3 minutes, 2 seconds"
│   percent_complete = "23.7%"
│   estimated_sypd = "0.923"
│   date_now = 2025-12-18T18:06:45.296
└   estimated_finish_date = 2025-12-18T18:16:32.296
[ Info: Ran step! 2048 times in 151.26715 s, (73.861 ms per step)
