Loading climacommon/2025_05_15
  Loading requirement: climaauth/2025_05_15 openmpi/4.1.5-mpitrampoline
    julia/1.11.5 cuda/julia-pref
Precompiling project...
  15709.1 ms  ✓ ClimaAtmos
  39005.6 ms  ✓ PrecompileCI
  2 dependencies successfully precompiled in 64 seconds. 551 already precompiled.
┌ Warning: CUDA runtime library `libcublasLt.so.13` was loaded from a system path, `/usr/local/cuda/lib64/libcublasLt.so.13`.
│ This may cause errors.
│ 
│ If you're running under a profiler, this situation is expected. Otherwise,
│ ensure that your library path environment variable (e.g., `PATH` on Windows
│ or `LD_LIBRARY_PATH` on Linux) does not include CUDA library paths.
│ 
│ In any other case, please file an issue.
└ @ CUDA ~/.julia/packages/CUDA/TPbi4/src/initialization.jl:218
┌ Warning: CUDA runtime library `libnvJitLink.so.13` was loaded from a system path, `/usr/local/cuda/lib64/libnvJitLink.so.13`.
│ This may cause errors.
│ 
│ If you're running under a profiler, this situation is expected. Otherwise,
│ ensure that your library path environment variable (e.g., `PATH` on Windows
│ or `LD_LIBRARY_PATH` on Linux) does not include CUDA library paths.
│ 
│ In any other case, please file an issue.
└ @ CUDA ~/.julia/packages/CUDA/TPbi4/src/initialization.jl:218
┌ Warning: CUDA runtime library `libcusparse.so.12` was loaded from a system path, `/usr/local/cuda/lib64/libcusparse.so.12`.
│ This may cause errors.
│ 
│ If you're running under a profiler, this situation is expected. Otherwise,
│ ensure that your library path environment variable (e.g., `PATH` on Windows
│ or `LD_LIBRARY_PATH` on Linux) does not include CUDA library paths.
│ 
│ In any other case, please file an issue.
└ @ CUDA ~/.julia/packages/CUDA/TPbi4/src/initialization.jl:218
Status `~/calkit/clima-horizontal-diffusion/ClimaAtmos.jl-mod/.buildkite/Project.toml`
  [c7e460c6] ArgParse v1.2.0
  [a14bc488] ArtifactWrappers v0.2.0
  [6e4b80f9] BenchmarkTools v1.6.3
⌃ [052768ef] CUDA v5.8.5
  [13f3f980] CairoMakie v0.15.8
  [29b5916a] ClimaAnalysis v0.5.20
  [b2c96348] ClimaAtmos v0.32.0 `..`
  [3a4d1b5c] ClimaComms v0.6.10
⌃ [d414da3d] ClimaCore v0.14.43
  [c2caaa1d] ClimaCoreSpectra v0.1.4
  [d934ef94] ClimaCoreTempestRemap v0.3.18
⌅ [1ecacbb8] ClimaDiagnostics v0.2.15
  [e0c89595] ClimaReproducibilityTests v0.1.1
  [595c0a79] ClimaTimeSteppers v0.8.5
  [b3f4f4ca] ClimaUtilities v0.1.27
⌃ [2b5f629d] DiffEqBase v6.183.2
  [f67ccb44] HDF5 v0.17.2
⌅ [a98d9a8b] Interpolations v0.15.1
  [8197267c] IntervalSets v0.7.13
⌅ [c3a54625] JET v0.9.20
  [033835bb] JLD2 v0.6.3
  [682c06a0] JSON v1.3.0
  [ba0b0d4f] Krylov v0.10.3
  [da04e1cc] MPI v0.20.23
⌃ [85f8d34a] NCDatasets v0.14.8
  [0d71be07] NullBroadcasts v0.1.0
  [bac558e1] OrderedCollections v1.8.1
  [76d61242] PrecompileCI v0.1.0 `PrecompileCI`
⌅ [08abe8d2] PrettyTables v2.4.0
  [efd6af41] ProfileCanvas v0.1.7
⌃ [295af30f] Revise v3.7.5
⌅ [0bca4576] SciMLBase v2.112.0
⌅ [aa65fe97] SnoopCompile v3.1.4
⌅ [e2b509da] SnoopCompileCore v3.0.0
  [10745b16] Statistics v1.11.1
  [2913bbd2] StatsBase v0.34.9
  [ddb6d928] YAML v0.4.16
  [9c32591e] Poppler_jll v24.6.0+0
  [9abbd945] Profile v1.11.0
  [9a3f8284] Random v1.11.0
  [8dfed614] Test v1.11.0
Info Packages marked with ⌃ and ⌅ have new versions available. Those with ⌃ may be upgradable, but those with ⌅ are restricted by compatibility constraints from upgrading. To see why use `status --outdated`
┌ Warning: CUDA runtime library `libcublasLt.so.13` was loaded from a system path, `/usr/local/cuda/lib64/libcublasLt.so.13`.
│ This may cause errors.
│ 
│ If you're running under a profiler, this situation is expected. Otherwise,
│ ensure that your library path environment variable (e.g., `PATH` on Windows
│ or `LD_LIBRARY_PATH` on Linux) does not include CUDA library paths.
│ 
│ In any other case, please file an issue.
└ @ CUDA ~/.julia/packages/CUDA/TPbi4/src/initialization.jl:218
┌ Warning: CUDA runtime library `libnvJitLink.so.13` was loaded from a system path, `/usr/local/cuda/lib64/libnvJitLink.so.13`.
│ This may cause errors.
│ 
│ If you're running under a profiler, this situation is expected. Otherwise,
│ ensure that your library path environment variable (e.g., `PATH` on Windows
│ or `LD_LIBRARY_PATH` on Linux) does not include CUDA library paths.
│ 
│ In any other case, please file an issue.
└ @ CUDA ~/.julia/packages/CUDA/TPbi4/src/initialization.jl:218
┌ Warning: CUDA runtime library `libcusparse.so.12` was loaded from a system path, `/usr/local/cuda/lib64/libcusparse.so.12`.
│ This may cause errors.
│ 
│ If you're running under a profiler, this situation is expected. Otherwise,
│ ensure that your library path environment variable (e.g., `PATH` on Windows
│ or `LD_LIBRARY_PATH` on Linux) does not include CUDA library paths.
│ 
│ In any other case, please file an issue.
└ @ CUDA ~/.julia/packages/CUDA/TPbi4/src/initialization.jl:218
[ Info: Active project: /home/pbachant/calkit/clima-horizontal-diffusion/ClimaAtmos.jl-mod/.buildkite
┌ Warning: Failed to convert `config_dict["vert_diff"] = false` to default type String, keeping original value
└ @ ClimaAtmos ~/calkit/clima-horizontal-diffusion/ClimaAtmos.jl-mod/src/solver/yaml_helper.jl:78
┌ Info: Making AtmosConfig with config files: 
│    /home/pbachant/calkit/clima-horizontal-diffusion/ClimaAtmos.jl-mod/src/solver/../../config/default_configs/default_config.yml
│    config/base.yml
└    config/const.yml
[ Info: Running on CUDADevice
[ Info: Setting up single-process ClimaAtmos run
┌ Info: Time info:
│   dt = "30secs"
│   t_start = "0secs"
│   t_end = "3days"
└   floor_n_steps = 8640
┌ Info: numerics 
│        `energy_q_tot_upwinding`::`Val{:vanleer_limiter}`
│              `tracer_upwinding`::`Val{:first_order}`
│     `edmfx_mse_q_tot_upwinding`::`Val{:first_order}`
│       `edmfx_sgsflux_upwinding`::`Val{:none}`
│        `edmfx_tracer_upwinding`::`Val{:first_order}`
│       `test_dycore_consistency`::`Nothing`
│          `reproducible_restart`::`Nothing`
│                       `limiter`::`Nothing`
│                     `diff_mode`::`ClimaAtmos.Explicit`
└                     `hyperdiff`::`ClimaAtmos.ClimaHyperdiffusion{Float32}`
┌ Info: AtmosModel: 
│ 
│                             `water`::`ClimaAtmos.AtmosWater{ClimaAtmos.NonEquilMoistModel, ClimaAtmos.Microphysics1Moment, ClimaAtmos.GridScaleCloud, ClimaAtmos.Explicit, Nothing}`
│                         `scm_setup`::`ClimaAtmos.SCMSetup{Nothing, Nothing, Nothing, Bool, Nothing}`
│                         `radiation`::`ClimaAtmos.AtmosRadiation{Nothing, ClimaAtmos.IdealizedOzone, Nothing, ClimaAtmos.IdealizedInsolation}`
│                          `turbconv`::`ClimaAtmos.AtmosTurbconv{ClimaAtmos.EDMFXModel{ClimaAtmos.PiGroupsEntrainment, ClimaAtmos.BuoyancyVelocityDetrainment, Val{true}, Val{true}, Val{true}, Val{false}, Val{false}, ClimaAtmos.SmoothMinimumBlending}, Nothing, ClimaAtmos.Explicit, ClimaAtmos.Explicit, ClimaAtmos.Explicit, ClimaAtmos.Explicit, ClimaAtmos.Explicit, Nothing, Nothing, ClimaAtmos.ConstantHorizontalDiffusion{Float32}}`
│                   `prescribed_flow`::`Nothing`
│                      `gravity_wave`::`ClimaAtmos.AtmosGravityWave{Nothing, Nothing}`
│                `vertical_diffusion`::`Nothing`
│                            `sponge`::`ClimaAtmos.AtmosSponge{Nothing, ClimaAtmos.RayleighSponge{Float32}}`
│                           `surface`::`ClimaAtmos.AtmosSurface{ClimaAtmos.ZonallySymmetricSST, ClimaAtmos.SlabOceanSST{Int64}, ClimaAtmos.ConstantAlbedo{Float32}}`
└                          `numerics`::`ClimaAtmos.AtmosNumerics{Val{:vanleer_limiter}, Val{:first_order}, Val{:first_order}, Val{:none}, Val{:first_order}, Nothing, Nothing, Nothing, ClimaAtmos.Explicit, ClimaAtmos.ClimaHyperdiffusion{Float32}}`
[ Info: Using Hughes2023Topography orography
[ Info: SLEVE mesh warp (eta=0.7, s=10.0)
┌ Info: Simulation info
│   job_id = "mod_const"
└   output_dir = "output/mod_const/output_0001"
┌ Info: Simulation Grid: ExtrudedFiniteDifferenceGrid:
│   horizontal:
│     context: SingletonCommsContext using CUDADevice
│     mesh: 16×16×6-element EquiangularCubedSphere of SphereDomain: radius = 6.371e6
│     quadrature: 4-point Gauss-Legendre-Lobatto quadrature
│   vertical:
└     mesh: 43-element IntervalMesh of IntervalDomain: z ∈ [0.0,30000.0] (:bottom, :top)
[ Info: Allocating Y: 11.83 s (17853283 allocations: 839.28 MiB)
[ Info: using deep atmosphere
[ Info: Allocating cache (p): 68.659 s (135982026 allocations: 7.06 GiB)
[ Info: Using ODE config: `ClimaTimeSteppers.ARS343`
[ Info: ode_configuration: 704.468 ms (1383749 allocations: 68.55 MiB)
[ Info: Progress logging enabled
[ Info: Checking NaNs in the state every 1024 steps
[ Info: get_callbacks: 262.502 ms (402320 allocations: 20.59 MiB)
[ Info: Saving accumulated diagnostics to disk with frequency: 
[ Info: DictWriter: String[]
[ Info: HDF5Writer: String[]
[ Info: NetCDFWriter: ["rhoa_60d_inst", "ua_60d_inst", "va_60d_inst", "wa_60d_inst", "ta_60d_inst", "hus_60d_inst", "clw_60d_inst", "cli_60d_inst", "hussn_60d_inst", "husra_60d_inst"]
[ Info: initializing diagnostics: 6.498 s (14973587 allocations: 1.51 GiB)
[ Info: Prepared SciMLBase.CallbackSet callbacks: 10.543 ms (561 allocations: 27.34 KiB)
[ Info: n_steps_per_cycle_per_cb (non diagnostics): [1024, 1, 360]
[ Info: n_steps_per_cycle (non diagnostics): 46080
┌ Info: Jacobian algorithm: ManualSparseJacobian(
│   topography_flag = ClimaAtmos.UseDerivative(),
│   diffusion_flag = ClimaAtmos.IgnoreDerivative(),
│   sgs_advection_flag = ClimaAtmos.IgnoreDerivative(),
│   sgs_entr_detr_flag = ClimaAtmos.IgnoreDerivative(),
│   sgs_mass_flux_flag = ClimaAtmos.IgnoreDerivative(),
│   sgs_nh_pressure_flag = ClimaAtmos.IgnoreDerivative(),
│   sgs_vertdiff_flag = ClimaAtmos.IgnoreDerivative(),
│   approximate_solve_iters = 2,
└ )
[ Info: Define ode function: 1.468 s (1839779 allocations: 78.38 MiB)
[ Info: init integrator: 14.859 s (18081480 allocations: 922.8 MiB)
[ Info: Added diagnostics: 122.696 s (28837589 allocations: 12.64 GiB)
┌ Info: Progress
│   simulation_time = "30 seconds, 1 microsecond"
│   n_steps_completed = 1
│   wall_time_per_step = "0 seconds"
│   wall_time_total = "0 seconds"
│   wall_time_remaining = "0 seconds"
│   wall_time_spent = "0 seconds"
│   percent_complete = "0.0%"
│   estimated_sypd = "Inf"
│   date_now = 2025-12-18T06:49:02.755
└   estimated_finish_date = 2025-12-18T06:49:02.755
┌ Info: Progress
│   simulation_time = "1 minute, 2 microseconds"
│   n_steps_completed = 2
│   wall_time_per_step = "15 seconds, 285 milliseconds"
│   wall_time_total = "1 day, 12 hours"
│   wall_time_remaining = "1 day, 12 hours"
│   wall_time_spent = "30 seconds, 571 milliseconds"
│   percent_complete = "0.0%"
│   estimated_sypd = "0.005 (sdpd_estimate = 1.963)"
│   date_now = 2025-12-18T06:49:18.035
└   estimated_finish_date = 2025-12-19T19:29:58.035
┌ Info: Progress
│   simulation_time = "2 minutes, 4 microseconds"
│   n_steps_completed = 4
│   wall_time_per_step = "7 seconds, 721 milliseconds"
│   wall_time_total = "18 hours, 31 minutes"
│   wall_time_remaining = "18 hours, 31 minutes"
│   wall_time_spent = "30 seconds, 884 milliseconds"
│   percent_complete = "0.0%"
│   estimated_sypd = "0.011"
│   date_now = 2025-12-18T06:49:18.196
└   estimated_finish_date = 2025-12-19T01:20:38.196
┌ Info: Progress
│   simulation_time = "4 minutes, 8 microseconds"
│   n_steps_completed = 8
│   wall_time_per_step = "3 seconds, 897 milliseconds"
│   wall_time_total = "9 hours, 21 minutes"
│   wall_time_remaining = "9 hours, 20 minutes"
│   wall_time_spent = "31 seconds, 181 milliseconds"
│   percent_complete = "0.1%"
│   estimated_sypd = "0.021"
│   date_now = 2025-12-18T06:49:18.493
└   estimated_finish_date = 2025-12-18T16:10:04.493
┌ Info: Progress
│   simulation_time = "8 minutes, 16 microseconds"
│   n_steps_completed = 16
│   wall_time_per_step = "1 second, 985 milliseconds"
│   wall_time_total = "4 hours, 45 minutes"
│   wall_time_remaining = "4 hours, 45 minutes"
│   wall_time_spent = "31 seconds, 773 milliseconds"
│   percent_complete = "0.2%"
│   estimated_sypd = "0.041"
│   date_now = 2025-12-18T06:49:19.085
└   estimated_finish_date = 2025-12-18T11:34:45.085
┌ Info: Progress
│   simulation_time = "16 minutes, 32 microseconds"
│   n_steps_completed = 32
│   wall_time_per_step = "1 second, 30 milliseconds"
│   wall_time_total = "2 hours, 28 minutes"
│   wall_time_remaining = "2 hours, 27 minutes"
│   wall_time_spent = "32 seconds, 960 milliseconds"
│   percent_complete = "0.4%"
│   estimated_sypd = "0.08"
│   date_now = 2025-12-18T06:49:20.272
└   estimated_finish_date = 2025-12-18T09:17:07.272
┌ Info: Progress
│   simulation_time = "32 minutes, 65 microseconds"
│   n_steps_completed = 64
│   wall_time_per_step = "552 milliseconds, 197 microseconds"
│   wall_time_total = "1 hour, 19 minutes"
│   wall_time_remaining = "1 hour, 18 minutes"
│   wall_time_spent = "35 seconds, 340 milliseconds"
│   percent_complete = "0.7%"
│   estimated_sypd = "0.149"
│   date_now = 2025-12-18T06:49:22.652
└   estimated_finish_date = 2025-12-18T08:08:18.652
┌ Info: Progress
│   simulation_time = "1 hour, 4 minutes"
│   n_steps_completed = 128
│   wall_time_per_step = "313 milliseconds, 376 microseconds"
│   wall_time_total = "45 minutes, 7 seconds"
│   wall_time_remaining = "44 minutes, 27 seconds"
│   wall_time_spent = "40 seconds, 112 milliseconds"
│   percent_complete = "1.5%"
│   estimated_sypd = "0.262"
│   date_now = 2025-12-18T06:49:27.423
└   estimated_finish_date = 2025-12-18T07:33:55.423
┌ Info: Progress
│   simulation_time = "2 hours, 8 minutes"
│   n_steps_completed = 256
│   wall_time_per_step = "194 milliseconds, 302 microseconds"
│   wall_time_total = "27 minutes, 58 seconds"
│   wall_time_remaining = "27 minutes, 9 seconds"
│   wall_time_spent = "49 seconds, 741 milliseconds"
│   percent_complete = "3.0%"
│   estimated_sypd = "0.423"
│   date_now = 2025-12-18T06:49:37.053
└   estimated_finish_date = 2025-12-18T07:16:47.053
┌ Info: Progress
│   simulation_time = "4 hours, 16 minutes"
│   n_steps_completed = 512
│   wall_time_per_step = "134 milliseconds, 833 microseconds"
│   wall_time_total = "19 minutes, 24 seconds"
│   wall_time_remaining = "18 minutes, 15 seconds"
│   wall_time_spent = "1 minute, 9 seconds"
│   percent_complete = "5.9%"
│   estimated_sypd = "0.609"
│   date_now = 2025-12-18T06:49:56.346
└   estimated_finish_date = 2025-12-18T07:08:12.346
┌ Info: Progress
│   simulation_time = "7 hours, 52 minutes"
│   n_steps_completed = 945
│   wall_time_per_step = "107 milliseconds, 396 microseconds"
│   wall_time_total = "15 minutes, 27 seconds"
│   wall_time_remaining = "13 minutes, 46 seconds"
│   wall_time_spent = "1 minute, 41 seconds"
│   percent_complete = "10.9%"
│   estimated_sypd = "0.765"
│   date_now = 2025-12-18T06:50:28.801
└   estimated_finish_date = 2025-12-18T07:04:15.801
┌ Info: Progress
│   simulation_time = "8 hours, 32 minutes"
│   n_steps_completed = 1024
│   wall_time_per_step = "104 milliseconds, 899 microseconds"
│   wall_time_total = "15 minutes, 6 seconds"
│   wall_time_remaining = "13 minutes, 18 seconds"
│   wall_time_spent = "1 minute, 47 seconds"
│   percent_complete = "11.9%"
│   estimated_sypd = "0.783"
│   date_now = 2025-12-18T06:50:34.729
└   estimated_finish_date = 2025-12-18T07:03:53.728
┌ Info: Progress
│   simulation_time = "12 hours, 8 minutes"
│   n_steps_completed = 1457
│   wall_time_per_step = "96 milliseconds, 58 microseconds"
│   wall_time_total = "13 minutes, 49 seconds"
│   wall_time_remaining = "11 minutes, 29 seconds"
│   wall_time_spent = "2 minutes, 19 seconds"
│   percent_complete = "16.9%"
│   estimated_sypd = "0.855"
│   date_now = 2025-12-18T06:51:07.268
└   estimated_finish_date = 2025-12-18T07:02:37.268
┌ Info: Progress
│   simulation_time = "15 hours, 44 minutes"
│   n_steps_completed = 1890
│   wall_time_per_step = "91 milliseconds, 228 microseconds"
│   wall_time_total = "13 minutes, 8 seconds"
│   wall_time_remaining = "10 minutes, 15 seconds"
│   wall_time_spent = "2 minutes, 52 seconds"
│   percent_complete = "21.9%"
│   estimated_sypd = "0.9"
│   date_now = 2025-12-18T06:51:39.733
└   estimated_finish_date = 2025-12-18T07:01:55.733
┌ Info: Progress
│   simulation_time = "17 hours, 4 minutes"
│   n_steps_completed = 2048
│   wall_time_per_step = "89 milliseconds, 972 microseconds"
│   wall_time_total = "12 minutes, 57 seconds"
│   wall_time_remaining = "9 minutes, 53 seconds"
│   wall_time_spent = "3 minutes, 4 seconds"
│   percent_complete = "23.7%"
│   estimated_sypd = "0.913"
│   date_now = 2025-12-18T06:51:51.574
└   estimated_finish_date = 2025-12-18T07:01:45.574
[ Info: Ran step! 2048 times in 153.8522 s, (75.123 ms per step)
